生成启动时间为 2017/11/5 17:47:31。
     1>项目“F:\VS2012pro\D3D11SPH\D3D11SPH\D3D11SPH.vcxproj”在节点 2 上(Build 个目标)。
     1>ClCompile:
         G:\VS2012\VC\bin\CL.exe /c /IG:\FBX\2016.1.2\include /Zi /nologo /W3 /WX- /O2 /Oi /Oy- /GL /D WIN32 /D NDEBUG /D _WINDOWS /D _UNICODE /D UNICODE /Gm- /EHsc /MDd /GS /Gy /fp:precise /Zc:wchar_t /Zc:forScope /Fo"Release\\" /Fd"Release\vc110.pdb" /Gd /TP /analyze- /errorReport:prompt SPH_System.cpp
         SPH_System.cpp
         Macro definition of max detected - undefining
         Macro definition of min detected - undefining
     1>SPH_System.cpp(117): warning C4018: “<”: 有符号/无符号不匹配
     1>SPH_System.cpp(147): warning C4018: “<”: 有符号/无符号不匹配
       Link:
         G:\VS2012\VC\bin\link.exe /ERRORREPORT:PROMPT /OUT:"F:\VS2012pro\D3D11SPH\Release\D3D11SPH.exe" /INCREMENTAL:NO /NOLOGO d3d11.lib d3dx11d.lib D3DCompiler.lib Effects11d.lib dxerr.lib dxgi.lib dxguid.lib "libfbxsdk-md.lib" "CEGUIBase-0_d.lib" "CEGUIDirect3D9Renderer-0_d.lib" "CEGUIDirect3D11Renderer-0_d.lib" "CEGUIBase-0.lib" "CEGUIDirect3D11Renderer-0.lib" kernel32.lib user32.lib gdi32.lib winspool.lib comdlg32.lib advapi32.lib shell32.lib ole32.lib oleaut32.lib uuid.lib odbc32.lib odbccp32.lib /MANIFEST /MANIFESTUAC:"level='asInvoker' uiAccess='false'" /manifest:embed /DEBUG /PDB:"F:\VS2012pro\D3D11SPH\Release\D3D11SPH.pdb" /SUBSYSTEM:WINDOWS /OPT:REF /OPT:ICF /LTCG /TLBID:1 /DYNAMICBASE /NXCOMPAT /IMPLIB:"F:\VS2012pro\D3D11SPH\Release\D3D11SPH.lib" /MACHINE:X86 /SAFESEH Release\FXControl.obj
         Release\CubeCell.obj
         Release\main.obj
         Release\MyD3D11app.obj
         Release\Particle.obj
         Release\RenderObject.obj
         Release\SPH_MarchingCube.obj
         Release\SPH_Math.obj
         Release\SPH_System.obj
         Release\SPH_UI.obj
         Release\StateControl.obj
         Release\VertexIndexControl.obj
     1>Effects11d.lib(EffectAPI.obj) : warning LNK4075: 忽略“/EDITANDCONTINUE”(由于“/OPT:ICF”规范)
         正在生成代码
         已完成代码的生成
     1>Effects11d.lib(d3dx11dbg.obj) : warning LNK4099: 未找到 PDB“vc110.pdb”(使用“Effects11d.lib(d3dx11dbg.obj)”或在“F:\VS2012pro\D3D11SPH\Release\vc110.pdb”中寻找)；正在链接对象，如同没有调试信息一样
     1>Effects11d.lib(d3dxGlobal.obj) : warning LNK4099: 未找到 PDB“vc110.pdb”(使用“Effects11d.lib(d3dxGlobal.obj)”或在“F:\VS2012pro\D3D11SPH\Release\vc110.pdb”中寻找)；正在链接对象，如同没有调试信息一样
     1>Effects11d.lib(EffectAPI.obj) : warning LNK4099: 未找到 PDB“vc110.pdb”(使用“Effects11d.lib(EffectAPI.obj)”或在“F:\VS2012pro\D3D11SPH\Release\vc110.pdb”中寻找)；正在链接对象，如同没有调试信息一样
     1>Effects11d.lib(EffectLoad.obj) : warning LNK4099: 未找到 PDB“vc110.pdb”(使用“Effects11d.lib(EffectLoad.obj)”或在“F:\VS2012pro\D3D11SPH\Release\vc110.pdb”中寻找)；正在链接对象，如同没有调试信息一样
     1>Effects11d.lib(EffectNonRuntime.obj) : warning LNK4099: 未找到 PDB“vc110.pdb”(使用“Effects11d.lib(EffectNonRuntime.obj)”或在“F:\VS2012pro\D3D11SPH\Release\vc110.pdb”中寻找)；正在链接对象，如同没有调试信息一样
     1>Effects11d.lib(EffectReflection.obj) : warning LNK4099: 未找到 PDB“vc110.pdb”(使用“Effects11d.lib(EffectReflection.obj)”或在“F:\VS2012pro\D3D11SPH\Release\vc110.pdb”中寻找)；正在链接对象，如同没有调试信息一样
     1>Effects11d.lib(EffectRuntime.obj) : warning LNK4099: 未找到 PDB“vc110.pdb”(使用“Effects11d.lib(EffectRuntime.obj)”或在“F:\VS2012pro\D3D11SPH\Release\vc110.pdb”中寻找)；正在链接对象，如同没有调试信息一样
         D3D11SPH.vcxproj -> F:\VS2012pro\D3D11SPH\Release\D3D11SPH.exe
       PostBuildEvent:
         copy "E:\ce\cegui-0.8.5\bin\CEGUIDirect3D9Renderer-0_d.dll" "F:\VS2012pro\D3D11SPH\Release\\"
         copy "E:\ce\cegui-0.8.5\bin\CEGUIBase-0_d.dll" "F:\VS2012pro\D3D11SPH\Release\\"
         copy "E:\ce\cegui-0.8.5\bin\freetype_d.dll" "F:\VS2012pro\D3D11SPH\Release\\"
         :VCEnd
         已复制         1 个文件。
         已复制         1 个文件。
         已复制         1 个文件。
     1>已完成生成项目“F:\VS2012pro\D3D11SPH\D3D11SPH\D3D11SPH.vcxproj”(Build 个目标)的操作。

生成成功。

已用时间 00:00:34.58
